<?xml version="1.0" encoding="UTF-8"?>
<!-- Generated by org.testng.reporters.JUnitReportReporter -->
<testsuite hostname="XENDSKLOCLPR155" failures="0" tests="1" name="utilities.DataProviders" time="2.552" errors="0" timestamp="2025-05-10T19:33:56 GMT+05:30" skipped="0">
  <testcase classname="utilities.DataProviders" name="getData" time="2.552"/>
</testsuite> <!-- utilities.DataProviders -->
