<?xml version="1.0" encoding="UTF-8"?>
<!-- Generated by org.testng.reporters.JUnitReportReporter -->
<testsuite hostname="DESKTOP-N69FRRO" failures="0" tests="1" name="testCases.TS_002_LoginTest" time="2.363" errors="0" timestamp="2025-05-22T22:55:15 IST" skipped="0">
  <testcase classname="testCases.TS_002_LoginTest" name="account_Login" time="2.363"/>
</testsuite> <!-- testCases.TS_002_LoginTest -->
