<?xml version="1.0" encoding="UTF-8"?>
<!-- Generated by org.testng.reporters.JUnitReportReporter -->
<testsuite hostname="DESKTOP-N69FRRO" failures="0" tests="1" name="testCases.TS_001_Registration" time="5.110" errors="0" timestamp="2025-05-22T22:55:15 IST" skipped="0">
  <testcase classname="testCases.TS_001_Registration" name="account_Register" time="5.110"/>
</testsuite> <!-- testCases.TS_001_Registration -->
